<?xml version="1.0" encoding="UTF-8"?>
<testng-results ignored="0" total="6" passed="6" failed="0" skipped="0">
  <reporter-output>
  </reporter-output>
  <suite started-at="2025-01-23T10:01:33 IST" name="Default suite" finished-at="2025-01-23T10:02:22 IST" duration-ms="49208">
    <groups>
      <group name="cucumber">
        <method signature="AbstractTestNGCucumberTests.runScenario(io.cucumber.testng.PickleWrapper,io.cucumber.testng.FeatureWrapper)[pri:0, instance:testRunner.RunnerClass@65d09a04]" name="runScenario" class="io.cucumber.testng.AbstractTestNGCucumberTests"/>
      </group> <!-- cucumber -->
    </groups>
    <test started-at="2025-01-23T10:01:33 IST" name="Default test" finished-at="2025-01-23T10:02:22 IST" duration-ms="49208">
      <class name="testRunner.RunnerClass">
        <test-method is-config="true" signature="setUpClass(org.testng.ITestContext)[pri:0, instance:testRunner.RunnerClass@65d09a04]" started-at="2025-01-23T10:01:33 IST" name="setUpClass" finished-at="2025-01-23T10:01:34 IST" duration-ms="582" status="PASS">
          <params>
            <param index="0">
              <value>
                <![CDATA[org.testng.TestRunner@345cbf40]]>
              </value>
            </param>
          </params>
          <reporter-output>
          </reporter-output>
        </test-method> <!-- setUpClass -->
        <test-method signature="runScenario(io.cucumber.testng.PickleWrapper,io.cucumber.testng.FeatureWrapper)[pri:0, instance:testRunner.RunnerClass@65d09a04]" started-at="2025-01-23T10:01:34 IST" name="runScenario" description="Runs Cucumber Scenarios" data-provider="scenarios" finished-at="2025-01-23T10:01:42 IST" duration-ms="7866" status="PASS">
          <params>
            <param index="0">
              <value>
                <![CDATA["Validation of Login using valid credentials"]]>
              </value>
            </param>
            <param index="1">
              <value>
                <![CDATA["Login credentials for Expleoinsurance"]]>
              </value>
            </param>
          </params>
          <reporter-output>
          </reporter-output>
        </test-method> <!-- runScenario -->
        <test-method signature="runScenario(io.cucumber.testng.PickleWrapper,io.cucumber.testng.FeatureWrapper)[pri:0, instance:testRunner.RunnerClass@65d09a04]" started-at="2025-01-23T10:01:42 IST" name="runScenario" description="Runs Cucumber Scenarios" data-provider="scenarios" finished-at="2025-01-23T10:01:46 IST" duration-ms="4156" status="PASS">
          <params>
            <param index="0">
              <value>
                <![CDATA["Validation of invalid credentials"]]>
              </value>
            </param>
            <param index="1">
              <value>
                <![CDATA["Invalid login Credentials validation for Expleosurance"]]>
              </value>
            </param>
          </params>
          <reporter-output>
          </reporter-output>
        </test-method> <!-- runScenario -->
        <test-method signature="runScenario(io.cucumber.testng.PickleWrapper,io.cucumber.testng.FeatureWrapper)[pri:0, instance:testRunner.RunnerClass@65d09a04]" started-at="2025-01-23T10:01:46 IST" name="runScenario" description="Runs Cucumber Scenarios" data-provider="scenarios" finished-at="2025-01-23T10:01:50 IST" duration-ms="4016" status="PASS">
          <params>
            <param index="0">
              <value>
                <![CDATA["Validation of invalid credentials"]]>
              </value>
            </param>
            <param index="1">
              <value>
                <![CDATA["Invalid login Credentials validation for Expleosurance"]]>
              </value>
            </param>
          </params>
          <reporter-output>
          </reporter-output>
        </test-method> <!-- runScenario -->
        <test-method signature="runScenario(io.cucumber.testng.PickleWrapper,io.cucumber.testng.FeatureWrapper)[pri:0, instance:testRunner.RunnerClass@65d09a04]" started-at="2025-01-23T10:01:50 IST" name="runScenario" description="Runs Cucumber Scenarios" data-provider="scenarios" finished-at="2025-01-23T10:01:54 IST" duration-ms="4006" status="PASS">
          <params>
            <param index="0">
              <value>
                <![CDATA["Validation of Empty credentials"]]>
              </value>
            </param>
            <param index="1">
              <value>
                <![CDATA["Invalid login Credentials validation for Expleosurance"]]>
              </value>
            </param>
          </params>
          <reporter-output>
          </reporter-output>
        </test-method> <!-- runScenario -->
        <test-method signature="runScenario(io.cucumber.testng.PickleWrapper,io.cucumber.testng.FeatureWrapper)[pri:0, instance:testRunner.RunnerClass@65d09a04]" started-at="2025-01-23T10:01:54 IST" name="runScenario" description="Runs Cucumber Scenarios" data-provider="scenarios" finished-at="2025-01-23T10:02:08 IST" duration-ms="14211" status="PASS">
          <params>
            <param index="0">
              <value>
                <![CDATA["user enters insurance policy details"]]>
              </value>
            </param>
            <param index="1">
              <value>
                <![CDATA["New Insurance"]]>
              </value>
            </param>
          </params>
          <reporter-output>
          </reporter-output>
        </test-method> <!-- runScenario -->
        <test-method signature="runScenario(io.cucumber.testng.PickleWrapper,io.cucumber.testng.FeatureWrapper)[pri:0, instance:testRunner.RunnerClass@65d09a04]" started-at="2025-01-23T10:02:08 IST" name="runScenario" description="Runs Cucumber Scenarios" data-provider="scenarios" finished-at="2025-01-23T10:02:22 IST" duration-ms="14180" status="PASS">
          <params>
            <param index="0">
              <value>
                <![CDATA["user enters insurance policy details"]]>
              </value>
            </param>
            <param index="1">
              <value>
                <![CDATA["New Insurance"]]>
              </value>
            </param>
          </params>
          <reporter-output>
          </reporter-output>
        </test-method> <!-- runScenario -->
        <test-method is-config="true" signature="tearDownClass()[pri:0, instance:testRunner.RunnerClass@65d09a04]" started-at="2025-01-23T10:02:22 IST" name="tearDownClass" finished-at="2025-01-23T10:02:22 IST" duration-ms="126" status="PASS">
          <reporter-output>
          </reporter-output>
        </test-method> <!-- tearDownClass -->
      </class> <!-- testRunner.RunnerClass -->
    </test> <!-- Default test -->
  </suite> <!-- Default suite -->
</testng-results>
